

Started GET "/" for 127.0.0.1 at 2013-08-31 15:53:24 +1200
Processing by HomeController#index as HTML
  [1m[36mCategory Load (0.4ms)[0m  [1mSELECT "categories".* FROM "categories"[0m
SQLite3::SQLException: no such table: categories: SELECT "categories".* FROM "categories"
  Rendered home/index.html.erb within layouts/application (894.3ms)
Completed 500 Internal Server Error in 957ms

ActionView::Template::Error (SQLite3::SQLException: no such table: categories: SELECT "categories".* FROM "categories"):
    24:   <div id="tfheader">
    25:     <form align="right" >
    26: 
    27:         <%= collection_select :categories, :category_id, Category.all, :id, :name , prompt: "Categories"%>
    28:           <!-- <select name="Categories" class="optionbox" value="">  
    29:             <option value="" > Categories </option>
    30:             <option value="" > Categories </option>
  app/views/home/index.html.erb:27:in `_app_views_home_index_html_erb__1089352940118473419_70139188626640'


  Rendered /Users/juideshpande/.rvm/gems/ruby-2.0.0-p247/gems/actionpack-4.0.0/lib/action_dispatch/middleware/templates/rescues/_trace.erb (1.3ms)
  Rendered /Users/juideshpande/.rvm/gems/ruby-2.0.0-p247/gems/actionpack-4.0.0/lib/action_dispatch/middleware/templates/rescues/_request_and_response.erb (24.6ms)
  Rendered /Users/juideshpande/.rvm/gems/ruby-2.0.0-p247/gems/actionpack-4.0.0/lib/action_dispatch/middleware/templates/rescues/template_error.erb within rescues/layout (37.5ms)


Started GET "/" for 127.0.0.1 at 2013-08-31 15:53:25 +1200
Processing by HomeController#index as HTML
  [1m[35mCategory Load (0.5ms)[0m  SELECT "categories".* FROM "categories"
SQLite3::SQLException: no such table: categories: SELECT "categories".* FROM "categories"
  Rendered home/index.html.erb within layouts/application (3.7ms)
Completed 500 Internal Server Error in 6ms

ActionView::Template::Error (SQLite3::SQLException: no such table: categories: SELECT "categories".* FROM "categories"):
    24:   <div id="tfheader">
    25:     <form align="right" >
    26: 
    27:         <%= collection_select :categories, :category_id, Category.all, :id, :name , prompt: "Categories"%>
    28:           <!-- <select name="Categories" class="optionbox" value="">  
    29:             <option value="" > Categories </option>
    30:             <option value="" > Categories </option>
  app/views/home/index.html.erb:27:in `_app_views_home_index_html_erb__1089352940118473419_70139188626640'


  Rendered /Users/juideshpande/.rvm/gems/ruby-2.0.0-p247/gems/actionpack-4.0.0/lib/action_dispatch/middleware/templates/rescues/_trace.erb (1.7ms)
  Rendered /Users/juideshpande/.rvm/gems/ruby-2.0.0-p247/gems/actionpack-4.0.0/lib/action_dispatch/middleware/templates/rescues/_request_and_response.erb (1.3ms)
  Rendered /Users/juideshpande/.rvm/gems/ruby-2.0.0-p247/gems/actionpack-4.0.0/lib/action_dispatch/middleware/templates/rescues/template_error.erb within rescues/layout (14.7ms)
  [1m[36m (0.4ms)[0m  [1mDROP TABLE IF EXISTS categories[0m
  [1m[35m (1.7ms)[0m  CREATE TABLE IF NOT EXISTS categories(id INTEGER, name STRING, number STRING PRIMARY KEY, path STRING)
  [1m[36m[0, "Trade Me Motors", "0001-", "/Trade-Me-Motors"] (1.1ms)[0m  [1mINSERT INTO categories values (?, ?, ?, ?)[0m
  [1m[35m[1, "Trade Me Property", "0350-", "/Trade-Me-Property"] (1.0ms)[0m  INSERT INTO categories values (?, ?, ?, ?)
  [1m[36m[2, "Trade Me Jobs", "5000-", "/Trade-Me-Jobs"] (1.0ms)[0m  [1mINSERT INTO categories values (?, ?, ?, ?)[0m
  [1m[35m[3, "Antiques & collectables", "0187-", "/Antiques-collectables"] (1.1ms)[0m  INSERT INTO categories values (?, ?, ?, ?)
  [1m[36m[4, "Art", "0339-", "/Art"] (1.0ms)[0m  [1mINSERT INTO categories values (?, ?, ?, ?)[0m
  [1m[35m[5, "Baby gear", "0351-", "/Baby-gear"] (1.5ms)[0m  INSERT INTO categories values (?, ?, ?, ?)
  [1m[36m[6, "Books", "0193-", "/Books"] (0.9ms)[0m  [1mINSERT INTO categories values (?, ?, ?, ?)[0m
  [1m[35m[7, "Building & renovation", "5964-", "/Building-renovation"] (0.9ms)[0m  INSERT INTO categories values (?, ?, ?, ?)
  [1m[36m[8, "Business, farming & industry", "0010-", "/Business-farming-industry"] (1.1ms)[0m  [1mINSERT INTO categories values (?, ?, ?, ?)[0m
  [1m[35m[9, "Chch earthquake support", "9530-", "/Chch-earthquake-support"] (1.0ms)[0m  INSERT INTO categories values (?, ?, ?, ?)
  [1m[36m[10, "Clothing", "0153-", "/Clothing"] (1.0ms)[0m  [1mINSERT INTO categories values (?, ?, ?, ?)[0m
  [1m[35m[11, "Computers", "0002-", "/Computers"] (1.1ms)[0m  INSERT INTO categories values (?, ?, ?, ?)
  [1m[36m[12, "Crafts", "0341-", "/Crafts"] (1.2ms)[0m  [1mINSERT INTO categories values (?, ?, ?, ?)[0m
  [1m[35m[13, "Electronics & photography", "0124-", "/Electronics-photography"] (0.9ms)[0m  INSERT INTO categories values (?, ?, ?, ?)
  [1m[36m[14, "Flatmates wanted", "2975-", "/Flatmates-wanted"] (1.1ms)[0m  [1mINSERT INTO categories values (?, ?, ?, ?)[0m
  [1m[35m[15, "Gaming", "0202-", "/Gaming"] (0.9ms)[0m  INSERT INTO categories values (?, ?, ?, ?)
  [1m[36m[16, "Health & beauty", "4798-", "/Health-beauty"] (1.3ms)[0m  [1mINSERT INTO categories values (?, ?, ?, ?)[0m
  [1m[35m[17, "Home & living", "0004-", "/Home-living"] (1.0ms)[0m  INSERT INTO categories values (?, ?, ?, ?)
  [1m[36m[18, "Jewellery & watches", "0246-", "/Jewellery-watches"] (18.3ms)[0m  [1mINSERT INTO categories values (?, ?, ?, ?)[0m
  [1m[35m[19, "Mobile phones", "0344-", "/Mobile-phones"] (1.2ms)[0m  INSERT INTO categories values (?, ?, ?, ?)
  [1m[36m[20, "Movies & TV", "0003-", "/Movies-TV"] (5.3ms)[0m  [1mINSERT INTO categories values (?, ?, ?, ?)[0m
  [1m[35m[21, "Music & instruments", "0343-", "/Music-instruments"] (1.0ms)[0m  INSERT INTO categories values (?, ?, ?, ?)
  [1m[36m[22, "Pets & animals", "9425-", "/Pets-animals"] (1.0ms)[0m  [1mINSERT INTO categories values (?, ?, ?, ?)[0m
  [1m[35m[23, "Pottery & glass", "0340-", "/Pottery-glass"] (1.0ms)[0m  INSERT INTO categories values (?, ?, ?, ?)
  [1m[36m[24, "Services", "9334-", "/Services"] (1.0ms)[0m  [1mINSERT INTO categories values (?, ?, ?, ?)[0m
  [1m[35m[25, "Sports", "0005-", "/Sports"] (1.0ms)[0m  INSERT INTO categories values (?, ?, ?, ?)
  [1m[36m[26, "Toys & models", "0347-", "/Toys-models"] (1.1ms)[0m  [1mINSERT INTO categories values (?, ?, ?, ?)[0m
  [1m[35m[27, "Travel, events & activities", "9374-", "/Travel-events-activities"] (1.0ms)[0m  INSERT INTO categories values (?, ?, ?, ?)


Started GET "/" for 127.0.0.1 at 2013-08-31 15:59:29 +1200
Processing by HomeController#index as HTML
  [1m[36mCategory Load (0.2ms)[0m  [1mSELECT "categories".* FROM "categories"[0m
  Rendered home/index.html.erb within layouts/application (20.2ms)
Completed 200 OK in 26ms (Views: 24.8ms | ActiveRecord: 0.7ms)


Started GET "/assets/jquery.js?body=1" for 127.0.0.1 at 2013-08-31 15:59:29 +1200


Started GET "/assets/application.css?body=1" for 127.0.0.1 at 2013-08-31 15:59:29 +1200


Started GET "/assets/jquery_ujs.js?body=1" for 127.0.0.1 at 2013-08-31 15:59:29 +1200


Started GET "/assets/turbolinks.js?body=1" for 127.0.0.1 at 2013-08-31 15:59:29 +1200


Started GET "/assets/application.js?body=1" for 127.0.0.1 at 2013-08-31 15:59:29 +1200


Started GET "/subcategories?category_id=1" for 127.0.0.1 at 2013-08-31 16:00:08 +1200
Processing by HomeController#subcategories as HTML
  Parameters: {"category_id"=>"1"}
Completed 500 Internal Server Error in 439ms

ActionView::MissingTemplate (Missing template home/subcategories, application/subcategories with {:locale=>[:en], :formats=>[:html], :handlers=>[:erb, :builder, :raw, :ruby, :jbuilder, :coffee]}. Searched in:
  * "/Users/juideshpande/Development/emedart/d3trademe/app/views"
):
  actionpack (4.0.0) lib/action_view/path_set.rb:46:in `find'
  actionpack (4.0.0) lib/action_view/lookup_context.rb:115:in `find'
  actionpack (4.0.0) lib/action_view/renderer/abstract_renderer.rb:18:in `find_template'
  actionpack (4.0.0) lib/action_view/renderer/template_renderer.rb:35:in `determine_template'
  actionpack (4.0.0) lib/action_view/renderer/template_renderer.rb:8:in `render'
  actionpack (4.0.0) lib/action_view/renderer/renderer.rb:42:in `render_template'
  actionpack (4.0.0) lib/action_view/renderer/renderer.rb:23:in `render'
  actionpack (4.0.0) lib/abstract_controller/rendering.rb:127:in `_render_template'
  actionpack (4.0.0) lib/action_controller/metal/streaming.rb:219:in `_render_template'
  actionpack (4.0.0) lib/abstract_controller/rendering.rb:120:in `render_to_body'
  actionpack (4.0.0) lib/action_controller/metal/rendering.rb:33:in `render_to_body'
  actionpack (4.0.0) lib/action_controller/metal/renderers.rb:26:in `render_to_body'
  actionpack (4.0.0) lib/abstract_controller/rendering.rb:97:in `render'
  actionpack (4.0.0) lib/action_controller/metal/rendering.rb:16:in `render'
  actionpack (4.0.0) lib/action_controller/metal/instrumentation.rb:41:in `block (2 levels) in render'
  activesupport (4.0.0) lib/active_support/core_ext/benchmark.rb:12:in `block in ms'
  /Users/juideshpande/.rvm/rubies/ruby-2.0.0-p247/lib/ruby/2.0.0/benchmark.rb:296:in `realtime'
  activesupport (4.0.0) lib/active_support/core_ext/benchmark.rb:12:in `ms'
  actionpack (4.0.0) lib/action_controller/metal/instrumentation.rb:41:in `block in render'
  actionpack (4.0.0) lib/action_controller/metal/instrumentation.rb:84:in `cleanup_view_runtime'
  activerecord (4.0.0) lib/active_record/railties/controller_runtime.rb:25:in `cleanup_view_runtime'
  actionpack (4.0.0) lib/action_controller/metal/instrumentation.rb:40:in `render'
  actionpack (4.0.0) lib/action_controller/metal/implicit_render.rb:10:in `default_render'
  actionpack (4.0.0) lib/action_controller/metal/implicit_render.rb:5:in `send_action'
  actionpack (4.0.0) lib/abstract_controller/base.rb:189:in `process_action'
  actionpack (4.0.0) lib/action_controller/metal/rendering.rb:10:in `process_action'
  actionpack (4.0.0) lib/abstract_controller/callbacks.rb:18:in `block in process_action'
  activesupport (4.0.0) lib/active_support/callbacks.rb:403:in `_run__1303587458754516233__process_action__callbacks'
  activesupport (4.0.0) lib/active_support/callbacks.rb:80:in `run_callbacks'
  actionpack (4.0.0) lib/abstract_controller/callbacks.rb:17:in `process_action'
  actionpack (4.0.0) lib/action_controller/metal/rescue.rb:29:in `process_action'
  actionpack (4.0.0) lib/action_controller/metal/instrumentation.rb:31:in `block in process_action'
  activesupport (4.0.0) lib/active_support/notifications.rb:159:in `block in instrument'
  activesupport (4.0.0) lib/active_support/notifications/instrumenter.rb:20:in `instrument'
  activesupport (4.0.0) lib/active_support/notifications.rb:159:in `instrument'
  actionpack (4.0.0) lib/action_controller/metal/instrumentation.rb:30:in `process_action'
  actionpack (4.0.0) lib/action_controller/metal/params_wrapper.rb:245:in `process_action'
  activerecord (4.0.0) lib/active_record/railties/controller_runtime.rb:18:in `process_action'
  actionpack (4.0.0) lib/abstract_controller/base.rb:136:in `process'
  actionpack (4.0.0) lib/abstract_controller/rendering.rb:44:in `process'
  actionpack (4.0.0) lib/action_controller/metal.rb:195:in `dispatch'
  actionpack (4.0.0) lib/action_controller/metal/rack_delegation.rb:13:in `dispatch'
  actionpack (4.0.0) lib/action_controller/metal.rb:231:in `block in action'
  actionpack (4.0.0) lib/action_dispatch/routing/route_set.rb:80:in `call'
  actionpack (4.0.0) lib/action_dispatch/routing/route_set.rb:80:in `dispatch'
  actionpack (4.0.0) lib/action_dispatch/routing/route_set.rb:48:in `call'
  actionpack (4.0.0) lib/action_dispatch/journey/router.rb:71:in `block in call'
  actionpack (4.0.0) lib/action_dispatch/journey/router.rb:59:in `each'
  actionpack (4.0.0) lib/action_dispatch/journey/router.rb:59:in `call'
  actionpack (4.0.0) lib/action_dispatch/routing/route_set.rb:655:in `call'
  rack (1.5.2) lib/rack/etag.rb:23:in `call'
  rack (1.5.2) lib/rack/conditionalget.rb:25:in `call'
  rack (1.5.2) lib/rack/head.rb:11:in `call'
  actionpack (4.0.0) lib/action_dispatch/middleware/params_parser.rb:27:in `call'
  actionpack (4.0.0) lib/action_dispatch/middleware/flash.rb:241:in `call'
  rack (1.5.2) lib/rack/session/abstract/id.rb:225:in `context'
  rack (1.5.2) lib/rack/session/abstract/id.rb:220:in `call'
  actionpack (4.0.0) lib/action_dispatch/middleware/cookies.rb:486:in `call'
  activerecord (4.0.0) lib/active_record/query_cache.rb:36:in `call'
  activerecord (4.0.0) lib/active_record/connection_adapters/abstract/connection_pool.rb:626:in `call'
  activerecord (4.0.0) lib/active_record/migration.rb:369:in `call'
  actionpack (4.0.0) lib/action_dispatch/middleware/callbacks.rb:29:in `block in call'
  activesupport (4.0.0) lib/active_support/callbacks.rb:373:in `_run__1667583758673597435__call__callbacks'
  activesupport (4.0.0) lib/active_support/callbacks.rb:80:in `run_callbacks'
  actionpack (4.0.0) lib/action_dispatch/middleware/callbacks.rb:27:in `call'
  actionpack (4.0.0) lib/action_dispatch/middleware/reloader.rb:64:in `call'
  actionpack (4.0.0) lib/action_dispatch/middleware/remote_ip.rb:76:in `call'
  actionpack (4.0.0) lib/action_dispatch/middleware/debug_exceptions.rb:17:in `call'
  actionpack (4.0.0) lib/action_dispatch/middleware/show_exceptions.rb:30:in `call'
  railties (4.0.0) lib/rails/rack/logger.rb:38:in `call_app'
  railties (4.0.0) lib/rails/rack/logger.rb:21:in `block in call'
  activesupport (4.0.0) lib/active_support/tagged_logging.rb:67:in `block in tagged'
  activesupport (4.0.0) lib/active_support/tagged_logging.rb:25:in `tagged'
  activesupport (4.0.0) lib/active_support/tagged_logging.rb:67:in `tagged'
  railties (4.0.0) lib/rails/rack/logger.rb:21:in `call'
  actionpack (4.0.0) lib/action_dispatch/middleware/request_id.rb:21:in `call'
  rack (1.5.2) lib/rack/methodoverride.rb:21:in `call'
  rack (1.5.2) lib/rack/runtime.rb:17:in `call'
  activesupport (4.0.0) lib/active_support/cache/strategy/local_cache.rb:83:in `call'
  rack (1.5.2) lib/rack/lock.rb:17:in `call'
  actionpack (4.0.0) lib/action_dispatch/middleware/static.rb:64:in `call'
  railties (4.0.0) lib/rails/engine.rb:511:in `call'
  railties (4.0.0) lib/rails/application.rb:97:in `call'
  rack (1.5.2) lib/rack/lock.rb:17:in `call'
  rack (1.5.2) lib/rack/content_length.rb:14:in `call'
  rack (1.5.2) lib/rack/handler/webrick.rb:60:in `service'
  /Users/juideshpande/.rvm/rubies/ruby-2.0.0-p247/lib/ruby/2.0.0/webrick/httpserver.rb:138:in `service'
  /Users/juideshpande/.rvm/rubies/ruby-2.0.0-p247/lib/ruby/2.0.0/webrick/httpserver.rb:94:in `run'
  /Users/juideshpande/.rvm/rubies/ruby-2.0.0-p247/lib/ruby/2.0.0/webrick/server.rb:295:in `block in start_thread'


  Rendered /Users/juideshpande/.rvm/gems/ruby-2.0.0-p247/gems/actionpack-4.0.0/lib/action_dispatch/middleware/templates/rescues/missing_template.erb within rescues/layout (0.6ms)


Started GET "/subcategories?category_id=1" for 127.0.0.1 at 2013-08-31 16:00:53 +1200
Processing by HomeController#subcategories as HTML
  Parameters: {"category_id"=>"1"}
Completed 500 Internal Server Error in 43ms

ActionView::MissingTemplate (Missing template home/subcategories, application/subcategories with {:locale=>[:en], :formats=>[:html], :handlers=>[:erb, :builder, :raw, :ruby, :jbuilder, :coffee]}. Searched in:
  * "/Users/juideshpande/Development/emedart/d3trademe/app/views"
):
  actionpack (4.0.0) lib/action_view/path_set.rb:46:in `find'
  actionpack (4.0.0) lib/action_view/lookup_context.rb:115:in `find'
  actionpack (4.0.0) lib/action_view/renderer/abstract_renderer.rb:18:in `find_template'
  actionpack (4.0.0) lib/action_view/renderer/template_renderer.rb:35:in `determine_template'
  actionpack (4.0.0) lib/action_view/renderer/template_renderer.rb:8:in `render'
  actionpack (4.0.0) lib/action_view/renderer/renderer.rb:42:in `render_template'
  actionpack (4.0.0) lib/action_view/renderer/renderer.rb:23:in `render'
  actionpack (4.0.0) lib/abstract_controller/rendering.rb:127:in `_render_template'
  actionpack (4.0.0) lib/action_controller/metal/streaming.rb:219:in `_render_template'
  actionpack (4.0.0) lib/abstract_controller/rendering.rb:120:in `render_to_body'
  actionpack (4.0.0) lib/action_controller/metal/rendering.rb:33:in `render_to_body'
  actionpack (4.0.0) lib/action_controller/metal/renderers.rb:26:in `render_to_body'
  actionpack (4.0.0) lib/abstract_controller/rendering.rb:97:in `render'
  actionpack (4.0.0) lib/action_controller/metal/rendering.rb:16:in `render'
  actionpack (4.0.0) lib/action_controller/metal/instrumentation.rb:41:in `block (2 levels) in render'
  activesupport (4.0.0) lib/active_support/core_ext/benchmark.rb:12:in `block in ms'
  /Users/juideshpande/.rvm/rubies/ruby-2.0.0-p247/lib/ruby/2.0.0/benchmark.rb:296:in `realtime'
  activesupport (4.0.0) lib/active_support/core_ext/benchmark.rb:12:in `ms'
  actionpack (4.0.0) lib/action_controller/metal/instrumentation.rb:41:in `block in render'
  actionpack (4.0.0) lib/action_controller/metal/instrumentation.rb:84:in `cleanup_view_runtime'
  activerecord (4.0.0) lib/active_record/railties/controller_runtime.rb:25:in `cleanup_view_runtime'
  actionpack (4.0.0) lib/action_controller/metal/instrumentation.rb:40:in `render'
  actionpack (4.0.0) lib/action_controller/metal/implicit_render.rb:10:in `default_render'
  actionpack (4.0.0) lib/action_controller/metal/implicit_render.rb:5:in `send_action'
  actionpack (4.0.0) lib/abstract_controller/base.rb:189:in `process_action'
  actionpack (4.0.0) lib/action_controller/metal/rendering.rb:10:in `process_action'
  actionpack (4.0.0) lib/abstract_controller/callbacks.rb:18:in `block in process_action'
  activesupport (4.0.0) lib/active_support/callbacks.rb:403:in `_run__1303587458754516233__process_action__callbacks'
  activesupport (4.0.0) lib/active_support/callbacks.rb:80:in `run_callbacks'
  actionpack (4.0.0) lib/abstract_controller/callbacks.rb:17:in `process_action'
  actionpack (4.0.0) lib/action_controller/metal/rescue.rb:29:in `process_action'
  actionpack (4.0.0) lib/action_controller/metal/instrumentation.rb:31:in `block in process_action'
  activesupport (4.0.0) lib/active_support/notifications.rb:159:in `block in instrument'
  activesupport (4.0.0) lib/active_support/notifications/instrumenter.rb:20:in `instrument'
  activesupport (4.0.0) lib/active_support/notifications.rb:159:in `instrument'
  actionpack (4.0.0) lib/action_controller/metal/instrumentation.rb:30:in `process_action'
  actionpack (4.0.0) lib/action_controller/metal/params_wrapper.rb:245:in `process_action'
  activerecord (4.0.0) lib/active_record/railties/controller_runtime.rb:18:in `process_action'
  actionpack (4.0.0) lib/abstract_controller/base.rb:136:in `process'
  actionpack (4.0.0) lib/abstract_controller/rendering.rb:44:in `process'
  actionpack (4.0.0) lib/action_controller/metal.rb:195:in `dispatch'
  actionpack (4.0.0) lib/action_controller/metal/rack_delegation.rb:13:in `dispatch'
  actionpack (4.0.0) lib/action_controller/metal.rb:231:in `block in action'
  actionpack (4.0.0) lib/action_dispatch/routing/route_set.rb:80:in `call'
  actionpack (4.0.0) lib/action_dispatch/routing/route_set.rb:80:in `dispatch'
  actionpack (4.0.0) lib/action_dispatch/routing/route_set.rb:48:in `call'
  actionpack (4.0.0) lib/action_dispatch/journey/router.rb:71:in `block in call'
  actionpack (4.0.0) lib/action_dispatch/journey/router.rb:59:in `each'
  actionpack (4.0.0) lib/action_dispatch/journey/router.rb:59:in `call'
  actionpack (4.0.0) lib/action_dispatch/routing/route_set.rb:655:in `call'
  rack (1.5.2) lib/rack/etag.rb:23:in `call'
  rack (1.5.2) lib/rack/conditionalget.rb:25:in `call'
  rack (1.5.2) lib/rack/head.rb:11:in `call'
  actionpack (4.0.0) lib/action_dispatch/middleware/params_parser.rb:27:in `call'
  actionpack (4.0.0) lib/action_dispatch/middleware/flash.rb:241:in `call'
  rack (1.5.2) lib/rack/session/abstract/id.rb:225:in `context'
  rack (1.5.2) lib/rack/session/abstract/id.rb:220:in `call'
  actionpack (4.0.0) lib/action_dispatch/middleware/cookies.rb:486:in `call'
  activerecord (4.0.0) lib/active_record/query_cache.rb:36:in `call'
  activerecord (4.0.0) lib/active_record/connection_adapters/abstract/connection_pool.rb:626:in `call'
  activerecord (4.0.0) lib/active_record/migration.rb:369:in `call'
  actionpack (4.0.0) lib/action_dispatch/middleware/callbacks.rb:29:in `block in call'
  activesupport (4.0.0) lib/active_support/callbacks.rb:373:in `_run__1667583758673597435__call__callbacks'
  activesupport (4.0.0) lib/active_support/callbacks.rb:80:in `run_callbacks'
  actionpack (4.0.0) lib/action_dispatch/middleware/callbacks.rb:27:in `call'
  actionpack (4.0.0) lib/action_dispatch/middleware/reloader.rb:64:in `call'
  actionpack (4.0.0) lib/action_dispatch/middleware/remote_ip.rb:76:in `call'
  actionpack (4.0.0) lib/action_dispatch/middleware/debug_exceptions.rb:17:in `call'
  actionpack (4.0.0) lib/action_dispatch/middleware/show_exceptions.rb:30:in `call'
  railties (4.0.0) lib/rails/rack/logger.rb:38:in `call_app'
  railties (4.0.0) lib/rails/rack/logger.rb:21:in `block in call'
  activesupport (4.0.0) lib/active_support/tagged_logging.rb:67:in `block in tagged'
  activesupport (4.0.0) lib/active_support/tagged_logging.rb:25:in `tagged'
  activesupport (4.0.0) lib/active_support/tagged_logging.rb:67:in `tagged'
  railties (4.0.0) lib/rails/rack/logger.rb:21:in `call'
  actionpack (4.0.0) lib/action_dispatch/middleware/request_id.rb:21:in `call'
  rack (1.5.2) lib/rack/methodoverride.rb:21:in `call'
  rack (1.5.2) lib/rack/runtime.rb:17:in `call'
  activesupport (4.0.0) lib/active_support/cache/strategy/local_cache.rb:83:in `call'
  rack (1.5.2) lib/rack/lock.rb:17:in `call'
  actionpack (4.0.0) lib/action_dispatch/middleware/static.rb:64:in `call'
  railties (4.0.0) lib/rails/engine.rb:511:in `call'
  railties (4.0.0) lib/rails/application.rb:97:in `call'
  rack (1.5.2) lib/rack/lock.rb:17:in `call'
  rack (1.5.2) lib/rack/content_length.rb:14:in `call'
  rack (1.5.2) lib/rack/handler/webrick.rb:60:in `service'
  /Users/juideshpande/.rvm/rubies/ruby-2.0.0-p247/lib/ruby/2.0.0/webrick/httpserver.rb:138:in `service'
  /Users/juideshpande/.rvm/rubies/ruby-2.0.0-p247/lib/ruby/2.0.0/webrick/httpserver.rb:94:in `run'
  /Users/juideshpande/.rvm/rubies/ruby-2.0.0-p247/lib/ruby/2.0.0/webrick/server.rb:295:in `block in start_thread'


  Rendered /Users/juideshpande/.rvm/gems/ruby-2.0.0-p247/gems/actionpack-4.0.0/lib/action_dispatch/middleware/templates/rescues/missing_template.erb within rescues/layout (0.4ms)
  [1m[36mCategory Load (0.2ms)[0m  [1mSELECT "categories".* FROM "categories" ORDER BY "categories"."number" DESC LIMIT 1[0m


Started GET "/subcategories?category_id=1" for 127.0.0.1 at 2013-08-31 16:02:59 +1200
Processing by HomeController#subcategories as HTML
  Parameters: {"category_id"=>"1"}
Completed 500 Internal Server Error in 392ms

ActionView::MissingTemplate (Missing template home/subcategories, application/subcategories with {:locale=>[:en], :formats=>[:html], :handlers=>[:erb, :builder, :raw, :ruby, :jbuilder, :coffee]}. Searched in:
  * "/Users/juideshpande/Development/emedart/d3trademe/app/views"
):
  actionpack (4.0.0) lib/action_view/path_set.rb:46:in `find'
  actionpack (4.0.0) lib/action_view/lookup_context.rb:115:in `find'
  actionpack (4.0.0) lib/action_view/renderer/abstract_renderer.rb:18:in `find_template'
  actionpack (4.0.0) lib/action_view/renderer/template_renderer.rb:35:in `determine_template'
  actionpack (4.0.0) lib/action_view/renderer/template_renderer.rb:8:in `render'
  actionpack (4.0.0) lib/action_view/renderer/renderer.rb:42:in `render_template'
  actionpack (4.0.0) lib/action_view/renderer/renderer.rb:23:in `render'
  actionpack (4.0.0) lib/abstract_controller/rendering.rb:127:in `_render_template'
  actionpack (4.0.0) lib/action_controller/metal/streaming.rb:219:in `_render_template'
  actionpack (4.0.0) lib/abstract_controller/rendering.rb:120:in `render_to_body'
  actionpack (4.0.0) lib/action_controller/metal/rendering.rb:33:in `render_to_body'
  actionpack (4.0.0) lib/action_controller/metal/renderers.rb:26:in `render_to_body'
  actionpack (4.0.0) lib/abstract_controller/rendering.rb:97:in `render'
  actionpack (4.0.0) lib/action_controller/metal/rendering.rb:16:in `render'
  actionpack (4.0.0) lib/action_controller/metal/instrumentation.rb:41:in `block (2 levels) in render'
  activesupport (4.0.0) lib/active_support/core_ext/benchmark.rb:12:in `block in ms'
  /Users/juideshpande/.rvm/rubies/ruby-2.0.0-p247/lib/ruby/2.0.0/benchmark.rb:296:in `realtime'
  activesupport (4.0.0) lib/active_support/core_ext/benchmark.rb:12:in `ms'
  actionpack (4.0.0) lib/action_controller/metal/instrumentation.rb:41:in `block in render'
  actionpack (4.0.0) lib/action_controller/metal/instrumentation.rb:84:in `cleanup_view_runtime'
  activerecord (4.0.0) lib/active_record/railties/controller_runtime.rb:25:in `cleanup_view_runtime'
  actionpack (4.0.0) lib/action_controller/metal/instrumentation.rb:40:in `render'
  actionpack (4.0.0) lib/action_controller/metal/implicit_render.rb:10:in `default_render'
  actionpack (4.0.0) lib/action_controller/metal/implicit_render.rb:5:in `send_action'
  actionpack (4.0.0) lib/abstract_controller/base.rb:189:in `process_action'
  actionpack (4.0.0) lib/action_controller/metal/rendering.rb:10:in `process_action'
  actionpack (4.0.0) lib/abstract_controller/callbacks.rb:18:in `block in process_action'
  activesupport (4.0.0) lib/active_support/callbacks.rb:403:in `_run__1303587458754516233__process_action__callbacks'
  activesupport (4.0.0) lib/active_support/callbacks.rb:80:in `run_callbacks'
  actionpack (4.0.0) lib/abstract_controller/callbacks.rb:17:in `process_action'
  actionpack (4.0.0) lib/action_controller/metal/rescue.rb:29:in `process_action'
  actionpack (4.0.0) lib/action_controller/metal/instrumentation.rb:31:in `block in process_action'
  activesupport (4.0.0) lib/active_support/notifications.rb:159:in `block in instrument'
  activesupport (4.0.0) lib/active_support/notifications/instrumenter.rb:20:in `instrument'
  activesupport (4.0.0) lib/active_support/notifications.rb:159:in `instrument'
  actionpack (4.0.0) lib/action_controller/metal/instrumentation.rb:30:in `process_action'
  actionpack (4.0.0) lib/action_controller/metal/params_wrapper.rb:245:in `process_action'
  activerecord (4.0.0) lib/active_record/railties/controller_runtime.rb:18:in `process_action'
  actionpack (4.0.0) lib/abstract_controller/base.rb:136:in `process'
  actionpack (4.0.0) lib/abstract_controller/rendering.rb:44:in `process'
  actionpack (4.0.0) lib/action_controller/metal.rb:195:in `dispatch'
  actionpack (4.0.0) lib/action_controller/metal/rack_delegation.rb:13:in `dispatch'
  actionpack (4.0.0) lib/action_controller/metal.rb:231:in `block in action'
  actionpack (4.0.0) lib/action_dispatch/routing/route_set.rb:80:in `call'
  actionpack (4.0.0) lib/action_dispatch/routing/route_set.rb:80:in `dispatch'
  actionpack (4.0.0) lib/action_dispatch/routing/route_set.rb:48:in `call'
  actionpack (4.0.0) lib/action_dispatch/journey/router.rb:71:in `block in call'
  actionpack (4.0.0) lib/action_dispatch/journey/router.rb:59:in `each'
  actionpack (4.0.0) lib/action_dispatch/journey/router.rb:59:in `call'
  actionpack (4.0.0) lib/action_dispatch/routing/route_set.rb:655:in `call'
  rack (1.5.2) lib/rack/etag.rb:23:in `call'
  rack (1.5.2) lib/rack/conditionalget.rb:25:in `call'
  rack (1.5.2) lib/rack/head.rb:11:in `call'
  actionpack (4.0.0) lib/action_dispatch/middleware/params_parser.rb:27:in `call'
  actionpack (4.0.0) lib/action_dispatch/middleware/flash.rb:241:in `call'
  rack (1.5.2) lib/rack/session/abstract/id.rb:225:in `context'
  rack (1.5.2) lib/rack/session/abstract/id.rb:220:in `call'
  actionpack (4.0.0) lib/action_dispatch/middleware/cookies.rb:486:in `call'
  activerecord (4.0.0) lib/active_record/query_cache.rb:36:in `call'
  activerecord (4.0.0) lib/active_record/connection_adapters/abstract/connection_pool.rb:626:in `call'
  activerecord (4.0.0) lib/active_record/migration.rb:369:in `call'
  actionpack (4.0.0) lib/action_dispatch/middleware/callbacks.rb:29:in `block in call'
  activesupport (4.0.0) lib/active_support/callbacks.rb:373:in `_run__1667583758673597435__call__callbacks'
  activesupport (4.0.0) lib/active_support/callbacks.rb:80:in `run_callbacks'
  actionpack (4.0.0) lib/action_dispatch/middleware/callbacks.rb:27:in `call'
  actionpack (4.0.0) lib/action_dispatch/middleware/reloader.rb:64:in `call'
  actionpack (4.0.0) lib/action_dispatch/middleware/remote_ip.rb:76:in `call'
  actionpack (4.0.0) lib/action_dispatch/middleware/debug_exceptions.rb:17:in `call'
  actionpack (4.0.0) lib/action_dispatch/middleware/show_exceptions.rb:30:in `call'
  railties (4.0.0) lib/rails/rack/logger.rb:38:in `call_app'
  railties (4.0.0) lib/rails/rack/logger.rb:21:in `block in call'
  activesupport (4.0.0) lib/active_support/tagged_logging.rb:67:in `block in tagged'
  activesupport (4.0.0) lib/active_support/tagged_logging.rb:25:in `tagged'
  activesupport (4.0.0) lib/active_support/tagged_logging.rb:67:in `tagged'
  railties (4.0.0) lib/rails/rack/logger.rb:21:in `call'
  actionpack (4.0.0) lib/action_dispatch/middleware/request_id.rb:21:in `call'
  rack (1.5.2) lib/rack/methodoverride.rb:21:in `call'
  rack (1.5.2) lib/rack/runtime.rb:17:in `call'
  activesupport (4.0.0) lib/active_support/cache/strategy/local_cache.rb:83:in `call'
  rack (1.5.2) lib/rack/lock.rb:17:in `call'
  actionpack (4.0.0) lib/action_dispatch/middleware/static.rb:64:in `call'
  railties (4.0.0) lib/rails/engine.rb:511:in `call'
  railties (4.0.0) lib/rails/application.rb:97:in `call'
  rack (1.5.2) lib/rack/lock.rb:17:in `call'
  rack (1.5.2) lib/rack/content_length.rb:14:in `call'
  rack (1.5.2) lib/rack/handler/webrick.rb:60:in `service'
  /Users/juideshpande/.rvm/rubies/ruby-2.0.0-p247/lib/ruby/2.0.0/webrick/httpserver.rb:138:in `service'
  /Users/juideshpande/.rvm/rubies/ruby-2.0.0-p247/lib/ruby/2.0.0/webrick/httpserver.rb:94:in `run'
  /Users/juideshpande/.rvm/rubies/ruby-2.0.0-p247/lib/ruby/2.0.0/webrick/server.rb:295:in `block in start_thread'


  Rendered /Users/juideshpande/.rvm/gems/ruby-2.0.0-p247/gems/actionpack-4.0.0/lib/action_dispatch/middleware/templates/rescues/missing_template.erb within rescues/layout (0.5ms)


Started GET "/" for 127.0.0.1 at 2013-08-31 16:03:05 +1200
Processing by HomeController#index as HTML
  [1m[35mCategory Load (0.3ms)[0m  SELECT "categories".* FROM "categories"
  Rendered home/index.html.erb within layouts/application (5.9ms)
Completed 200 OK in 10ms (Views: 9.3ms | ActiveRecord: 0.3ms)


Started GET "/assets/application.css?body=1" for 127.0.0.1 at 2013-08-31 16:03:05 +1200


Started GET "/assets/jquery_ujs.js?body=1" for 127.0.0.1 at 2013-08-31 16:03:05 +1200


Started GET "/assets/jquery.js?body=1" for 127.0.0.1 at 2013-08-31 16:03:05 +1200


Started GET "/assets/application.js?body=1" for 127.0.0.1 at 2013-08-31 16:03:05 +1200


Started GET "/assets/turbolinks.js?body=1" for 127.0.0.1 at 2013-08-31 16:03:05 +1200


Started GET "/" for 127.0.0.1 at 2013-08-31 16:04:05 +1200
Processing by HomeController#index as HTML
  [1m[36mCategory Load (0.2ms)[0m  [1mSELECT "categories".* FROM "categories"[0m
  Rendered home/index.html.erb within layouts/application (3.5ms)
Completed 200 OK in 7ms (Views: 6.8ms | ActiveRecord: 0.2ms)


Started GET "/assets/application.css?body=1" for 127.0.0.1 at 2013-08-31 16:04:05 +1200


Started GET "/assets/jquery.js?body=1" for 127.0.0.1 at 2013-08-31 16:04:05 +1200


Started GET "/assets/jquery_ujs.js?body=1" for 127.0.0.1 at 2013-08-31 16:04:05 +1200


Started GET "/assets/turbolinks.js?body=1" for 127.0.0.1 at 2013-08-31 16:04:05 +1200


Started GET "/assets/application.js?body=1" for 127.0.0.1 at 2013-08-31 16:04:05 +1200


Started GET "/" for 127.0.0.1 at 2013-08-31 16:04:40 +1200
Processing by HomeController#index as HTML
  [1m[36mCategory Load (0.2ms)[0m  [1mSELECT "categories".* FROM "categories"[0m
  Rendered home/index.html.erb within layouts/application (63.0ms)
Completed 200 OK in 115ms (Views: 80.4ms | ActiveRecord: 8.7ms)


Started GET "/assets/application.css?body=1" for 127.0.0.1 at 2013-08-31 16:04:40 +1200


Started GET "/assets/turbolinks.js?body=1" for 127.0.0.1 at 2013-08-31 16:04:40 +1200


Started GET "/assets/jquery_ujs.js?body=1" for 127.0.0.1 at 2013-08-31 16:04:40 +1200


Started GET "/assets/jquery.js?body=1" for 127.0.0.1 at 2013-08-31 16:04:40 +1200


Started GET "/assets/application.js?body=1" for 127.0.0.1 at 2013-08-31 16:04:40 +1200


Started GET "/" for 127.0.0.1 at 2013-08-31 16:05:23 +1200
Processing by HomeController#index as HTML
  [1m[35mCategory Load (0.2ms)[0m  SELECT "categories".* FROM "categories"
  Rendered home/index.html.erb within layouts/application (3.8ms)
Completed 200 OK in 8ms (Views: 6.7ms | ActiveRecord: 0.2ms)


Started GET "/assets/application.css?body=1" for 127.0.0.1 at 2013-08-31 16:05:23 +1200


Started GET "/assets/jquery.js?body=1" for 127.0.0.1 at 2013-08-31 16:05:23 +1200


Started GET "/assets/jquery_ujs.js?body=1" for 127.0.0.1 at 2013-08-31 16:05:23 +1200


Started GET "/assets/turbolinks.js?body=1" for 127.0.0.1 at 2013-08-31 16:05:23 +1200


Started GET "/assets/application.js?body=1" for 127.0.0.1 at 2013-08-31 16:05:23 +1200


Started GET "/" for 127.0.0.1 at 2013-08-31 16:05:57 +1200
Processing by HomeController#index as HTML
  [1m[36mCategory Load (0.2ms)[0m  [1mSELECT "categories".* FROM "categories"[0m
  Rendered home/index.html.erb within layouts/application (53.9ms)
Completed 200 OK in 76ms (Views: 59.1ms | ActiveRecord: 1.2ms)


Started GET "/assets/jquery_ujs.js?body=1" for 127.0.0.1 at 2013-08-31 16:05:57 +1200


Started GET "/assets/application.css?body=1" for 127.0.0.1 at 2013-08-31 16:05:57 +1200


Started GET "/assets/jquery.js?body=1" for 127.0.0.1 at 2013-08-31 16:05:57 +1200


Started GET "/assets/turbolinks.js?body=1" for 127.0.0.1 at 2013-08-31 16:05:57 +1200


Started GET "/assets/application.js?body=1" for 127.0.0.1 at 2013-08-31 16:05:57 +1200


Started GET "/subcategories?category_id=0187-" for 127.0.0.1 at 2013-08-31 16:06:01 +1200
Processing by HomeController#subcategories as */*
  Parameters: {"category_id"=>"0187-"}
  Rendered subcategories/_subcategory.html.erb (0.8ms)
  Rendered home/subcategories.js.erb (22.8ms)
Completed 200 OK in 138ms (Views: 28.5ms | ActiveRecord: 0.0ms)


Started GET "/search?keywords=Search+here" for 127.0.0.1 at 2013-08-31 16:06:06 +1200
Processing by HomeController#search as */*
  Parameters: {"keywords"=>"Search here"}
Completed 500 Internal Server Error in 1ms

URI::InvalidURIError (bad URI(is not URI?): https://api.trademe.co.nz/v1/Search/General.json?category=0&search_string=Search here&rows=501):
  app/controllers/home_controller.rb:20:in `search'


  Rendered /Users/juideshpande/.rvm/gems/ruby-2.0.0-p247/gems/actionpack-4.0.0/lib/action_dispatch/middleware/templates/rescues/_source.erb (0.8ms)
  Rendered /Users/juideshpande/.rvm/gems/ruby-2.0.0-p247/gems/actionpack-4.0.0/lib/action_dispatch/middleware/templates/rescues/_trace.erb (1.1ms)
  Rendered /Users/juideshpande/.rvm/gems/ruby-2.0.0-p247/gems/actionpack-4.0.0/lib/action_dispatch/middleware/templates/rescues/_request_and_response.erb (0.9ms)
  Rendered /Users/juideshpande/.rvm/gems/ruby-2.0.0-p247/gems/actionpack-4.0.0/lib/action_dispatch/middleware/templates/rescues/diagnostics.erb within rescues/layout (19.5ms)


Started GET "/search?keywords=Search+here" for 127.0.0.1 at 2013-08-31 16:06:11 +1200
Processing by HomeController#search as */*
  Parameters: {"keywords"=>"Search here"}
Completed 500 Internal Server Error in 1ms

URI::InvalidURIError (bad URI(is not URI?): https://api.trademe.co.nz/v1/Search/General.json?category=0&search_string=Search here&rows=501):
  app/controllers/home_controller.rb:20:in `search'


  Rendered /Users/juideshpande/.rvm/gems/ruby-2.0.0-p247/gems/actionpack-4.0.0/lib/action_dispatch/middleware/templates/rescues/_source.erb (0.6ms)
  Rendered /Users/juideshpande/.rvm/gems/ruby-2.0.0-p247/gems/actionpack-4.0.0/lib/action_dispatch/middleware/templates/rescues/_trace.erb (1.1ms)
  Rendered /Users/juideshpande/.rvm/gems/ruby-2.0.0-p247/gems/actionpack-4.0.0/lib/action_dispatch/middleware/templates/rescues/_request_and_response.erb (0.8ms)
  Rendered /Users/juideshpande/.rvm/gems/ruby-2.0.0-p247/gems/actionpack-4.0.0/lib/action_dispatch/middleware/templates/rescues/diagnostics.erb within rescues/layout (13.4ms)


Started GET "/search?keywords=dog" for 127.0.0.1 at 2013-08-31 16:07:03 +1200
Processing by HomeController#search as */*
  Parameters: {"keywords"=>"dog"}
Completed 200 OK in 1842ms (Views: 0.7ms | ActiveRecord: 0.0ms)


Started GET "/search?keywords=dog" for 127.0.0.1 at 2013-08-31 16:07:06 +1200
Processing by HomeController#search as */*
  Parameters: {"keywords"=>"dog"}
Completed 200 OK in 261ms (Views: 0.6ms | ActiveRecord: 0.0ms)


Started GET "/search?keywords=dog" for 127.0.0.1 at 2013-08-31 16:07:07 +1200
Processing by HomeController#search as */*
  Parameters: {"keywords"=>"dog"}
Completed 200 OK in 275ms (Views: 0.6ms | ActiveRecord: 0.0ms)


Started GET "/search?keywords=dog" for 127.0.0.1 at 2013-08-31 16:07:50 +1200
Processing by HomeController#search as */*
  Parameters: {"keywords"=>"dog"}
Completed 200 OK in 2796ms (Views: 0.6ms | ActiveRecord: 0.0ms)


Started GET "/subcategories?category_id=1" for 127.0.0.1 at 2013-08-31 16:08:02 +1200
Processing by HomeController#subcategories as HTML
  Parameters: {"category_id"=>"1"}
Completed 500 Internal Server Error in 26ms

ActionView::MissingTemplate (Missing template home/subcategories, application/subcategories with {:locale=>[:en], :formats=>[:html], :handlers=>[:erb, :builder, :raw, :ruby, :jbuilder, :coffee]}. Searched in:
  * "/Users/juideshpande/Development/emedart/d3trademe/app/views"
):
  actionpack (4.0.0) lib/action_view/path_set.rb:46:in `find'
  actionpack (4.0.0) lib/action_view/lookup_context.rb:115:in `find'
  actionpack (4.0.0) lib/action_view/renderer/abstract_renderer.rb:18:in `find_template'
  actionpack (4.0.0) lib/action_view/renderer/template_renderer.rb:35:in `determine_template'
  actionpack (4.0.0) lib/action_view/renderer/template_renderer.rb:8:in `render'
  actionpack (4.0.0) lib/action_view/renderer/renderer.rb:42:in `render_template'
  actionpack (4.0.0) lib/action_view/renderer/renderer.rb:23:in `render'
  actionpack (4.0.0) lib/abstract_controller/rendering.rb:127:in `_render_template'
  actionpack (4.0.0) lib/action_controller/metal/streaming.rb:219:in `_render_template'
  actionpack (4.0.0) lib/abstract_controller/rendering.rb:120:in `render_to_body'
  actionpack (4.0.0) lib/action_controller/metal/rendering.rb:33:in `render_to_body'
  actionpack (4.0.0) lib/action_controller/metal/renderers.rb:26:in `render_to_body'
  actionpack (4.0.0) lib/abstract_controller/rendering.rb:97:in `render'
  actionpack (4.0.0) lib/action_controller/metal/rendering.rb:16:in `render'
  actionpack (4.0.0) lib/action_controller/metal/instrumentation.rb:41:in `block (2 levels) in render'
  activesupport (4.0.0) lib/active_support/core_ext/benchmark.rb:12:in `block in ms'
  /Users/juideshpande/.rvm/rubies/ruby-2.0.0-p247/lib/ruby/2.0.0/benchmark.rb:296:in `realtime'
  activesupport (4.0.0) lib/active_support/core_ext/benchmark.rb:12:in `ms'
  actionpack (4.0.0) lib/action_controller/metal/instrumentation.rb:41:in `block in render'
  actionpack (4.0.0) lib/action_controller/metal/instrumentation.rb:84:in `cleanup_view_runtime'
  activerecord (4.0.0) lib/active_record/railties/controller_runtime.rb:25:in `cleanup_view_runtime'
  actionpack (4.0.0) lib/action_controller/metal/instrumentation.rb:40:in `render'
  actionpack (4.0.0) lib/action_controller/metal/implicit_render.rb:10:in `default_render'
  actionpack (4.0.0) lib/action_controller/metal/implicit_render.rb:5:in `send_action'
  actionpack (4.0.0) lib/abstract_controller/base.rb:189:in `process_action'
  actionpack (4.0.0) lib/action_controller/metal/rendering.rb:10:in `process_action'
  actionpack (4.0.0) lib/abstract_controller/callbacks.rb:18:in `block in process_action'
  activesupport (4.0.0) lib/active_support/callbacks.rb:403:in `_run__231689101516347108__process_action__callbacks'
  activesupport (4.0.0) lib/active_support/callbacks.rb:80:in `run_callbacks'
  actionpack (4.0.0) lib/abstract_controller/callbacks.rb:17:in `process_action'
  actionpack (4.0.0) lib/action_controller/metal/rescue.rb:29:in `process_action'
  actionpack (4.0.0) lib/action_controller/metal/instrumentation.rb:31:in `block in process_action'
  activesupport (4.0.0) lib/active_support/notifications.rb:159:in `block in instrument'
  activesupport (4.0.0) lib/active_support/notifications/instrumenter.rb:20:in `instrument'
  activesupport (4.0.0) lib/active_support/notifications.rb:159:in `instrument'
  actionpack (4.0.0) lib/action_controller/metal/instrumentation.rb:30:in `process_action'
  actionpack (4.0.0) lib/action_controller/metal/params_wrapper.rb:245:in `process_action'
  activerecord (4.0.0) lib/active_record/railties/controller_runtime.rb:18:in `process_action'
  actionpack (4.0.0) lib/abstract_controller/base.rb:136:in `process'
  actionpack (4.0.0) lib/abstract_controller/rendering.rb:44:in `process'
  actionpack (4.0.0) lib/action_controller/metal.rb:195:in `dispatch'
  actionpack (4.0.0) lib/action_controller/metal/rack_delegation.rb:13:in `dispatch'
  actionpack (4.0.0) lib/action_controller/metal.rb:231:in `block in action'
  actionpack (4.0.0) lib/action_dispatch/routing/route_set.rb:80:in `call'
  actionpack (4.0.0) lib/action_dispatch/routing/route_set.rb:80:in `dispatch'
  actionpack (4.0.0) lib/action_dispatch/routing/route_set.rb:48:in `call'
  actionpack (4.0.0) lib/action_dispatch/journey/router.rb:71:in `block in call'
  actionpack (4.0.0) lib/action_dispatch/journey/router.rb:59:in `each'
  actionpack (4.0.0) lib/action_dispatch/journey/router.rb:59:in `call'
  actionpack (4.0.0) lib/action_dispatch/routing/route_set.rb:655:in `call'
  rack (1.5.2) lib/rack/etag.rb:23:in `call'
  rack (1.5.2) lib/rack/conditionalget.rb:25:in `call'
  rack (1.5.2) lib/rack/head.rb:11:in `call'
  actionpack (4.0.0) lib/action_dispatch/middleware/params_parser.rb:27:in `call'
  actionpack (4.0.0) lib/action_dispatch/middleware/flash.rb:241:in `call'
  rack (1.5.2) lib/rack/session/abstract/id.rb:225:in `context'
  rack (1.5.2) lib/rack/session/abstract/id.rb:220:in `call'
  actionpack (4.0.0) lib/action_dispatch/middleware/cookies.rb:486:in `call'
  activerecord (4.0.0) lib/active_record/query_cache.rb:36:in `call'
  activerecord (4.0.0) lib/active_record/connection_adapters/abstract/connection_pool.rb:626:in `call'
  activerecord (4.0.0) lib/active_record/migration.rb:369:in `call'
  actionpack (4.0.0) lib/action_dispatch/middleware/callbacks.rb:29:in `block in call'
  activesupport (4.0.0) lib/active_support/callbacks.rb:373:in `_run__2742049380597242830__call__callbacks'
  activesupport (4.0.0) lib/active_support/callbacks.rb:80:in `run_callbacks'
  actionpack (4.0.0) lib/action_dispatch/middleware/callbacks.rb:27:in `call'
  actionpack (4.0.0) lib/action_dispatch/middleware/reloader.rb:64:in `call'
  actionpack (4.0.0) lib/action_dispatch/middleware/remote_ip.rb:76:in `call'
  actionpack (4.0.0) lib/action_dispatch/middleware/debug_exceptions.rb:17:in `call'
  actionpack (4.0.0) lib/action_dispatch/middleware/show_exceptions.rb:30:in `call'
  railties (4.0.0) lib/rails/rack/logger.rb:38:in `call_app'
  railties (4.0.0) lib/rails/rack/logger.rb:21:in `block in call'
  activesupport (4.0.0) lib/active_support/tagged_logging.rb:67:in `block in tagged'
  activesupport (4.0.0) lib/active_support/tagged_logging.rb:25:in `tagged'
  activesupport (4.0.0) lib/active_support/tagged_logging.rb:67:in `tagged'
  railties (4.0.0) lib/rails/rack/logger.rb:21:in `call'
  actionpack (4.0.0) lib/action_dispatch/middleware/request_id.rb:21:in `call'
  rack (1.5.2) lib/rack/methodoverride.rb:21:in `call'
  rack (1.5.2) lib/rack/runtime.rb:17:in `call'
  activesupport (4.0.0) lib/active_support/cache/strategy/local_cache.rb:83:in `call'
  rack (1.5.2) lib/rack/lock.rb:17:in `call'
  actionpack (4.0.0) lib/action_dispatch/middleware/static.rb:64:in `call'
  railties (4.0.0) lib/rails/engine.rb:511:in `call'
  railties (4.0.0) lib/rails/application.rb:97:in `call'
  rack (1.5.2) lib/rack/lock.rb:17:in `call'
  rack (1.5.2) lib/rack/content_length.rb:14:in `call'
  rack (1.5.2) lib/rack/handler/webrick.rb:60:in `service'
  /Users/juideshpande/.rvm/rubies/ruby-2.0.0-p247/lib/ruby/2.0.0/webrick/httpserver.rb:138:in `service'
  /Users/juideshpande/.rvm/rubies/ruby-2.0.0-p247/lib/ruby/2.0.0/webrick/httpserver.rb:94:in `run'
  /Users/juideshpande/.rvm/rubies/ruby-2.0.0-p247/lib/ruby/2.0.0/webrick/server.rb:295:in `block in start_thread'


  Rendered /Users/juideshpande/.rvm/gems/ruby-2.0.0-p247/gems/actionpack-4.0.0/lib/action_dispatch/middleware/templates/rescues/missing_template.erb within rescues/layout (0.6ms)


Started GET "/" for 127.0.0.1 at 2013-08-31 16:08:10 +1200
Processing by HomeController#index as HTML
  [1m[35mCategory Load (0.3ms)[0m  SELECT "categories".* FROM "categories"
  Rendered home/index.html.erb within layouts/application (4.4ms)
Completed 200 OK in 8ms (Views: 7.2ms | ActiveRecord: 0.3ms)


Started GET "/assets/jquery.js?body=1" for 127.0.0.1 at 2013-08-31 16:08:10 +1200


Started GET "/assets/turbolinks.js?body=1" for 127.0.0.1 at 2013-08-31 16:08:10 +1200


Started GET "/assets/application.css?body=1" for 127.0.0.1 at 2013-08-31 16:08:10 +1200


Started GET "/assets/jquery_ujs.js?body=1" for 127.0.0.1 at 2013-08-31 16:08:10 +1200


Started GET "/assets/application.js?body=1" for 127.0.0.1 at 2013-08-31 16:08:10 +1200


Started GET "/subcategories?category_id=5000-" for 127.0.0.1 at 2013-08-31 16:08:14 +1200
Processing by HomeController#subcategories as */*
  Parameters: {"category_id"=>"5000-"}
  Rendered subcategories/_subcategory.html.erb (0.4ms)
  Rendered home/subcategories.js.erb (3.7ms)
Completed 200 OK in 37ms (Views: 8.7ms | ActiveRecord: 0.0ms)


Started GET "/search?keywords=farming" for 127.0.0.1 at 2013-08-31 16:08:26 +1200
Processing by HomeController#search as */*
  Parameters: {"keywords"=>"farming"}
Completed 200 OK in 1647ms (Views: 1.1ms | ActiveRecord: 0.0ms)


Started GET "/subcategories?category_id=1" for 127.0.0.1 at 2013-08-31 16:08:41 +1200
Processing by HomeController#subcategories as HTML
  Parameters: {"category_id"=>"1"}
Completed 500 Internal Server Error in 28ms

ActionView::MissingTemplate (Missing template home/subcategories, application/subcategories with {:locale=>[:en], :formats=>[:html], :handlers=>[:erb, :builder, :raw, :ruby, :jbuilder, :coffee]}. Searched in:
  * "/Users/juideshpande/Development/emedart/d3trademe/app/views"
):
  actionpack (4.0.0) lib/action_view/path_set.rb:46:in `find'
  actionpack (4.0.0) lib/action_view/lookup_context.rb:115:in `find'
  actionpack (4.0.0) lib/action_view/renderer/abstract_renderer.rb:18:in `find_template'
  actionpack (4.0.0) lib/action_view/renderer/template_renderer.rb:35:in `determine_template'
  actionpack (4.0.0) lib/action_view/renderer/template_renderer.rb:8:in `render'
  actionpack (4.0.0) lib/action_view/renderer/renderer.rb:42:in `render_template'
  actionpack (4.0.0) lib/action_view/renderer/renderer.rb:23:in `render'
  actionpack (4.0.0) lib/abstract_controller/rendering.rb:127:in `_render_template'
  actionpack (4.0.0) lib/action_controller/metal/streaming.rb:219:in `_render_template'
  actionpack (4.0.0) lib/abstract_controller/rendering.rb:120:in `render_to_body'
  actionpack (4.0.0) lib/action_controller/metal/rendering.rb:33:in `render_to_body'
  actionpack (4.0.0) lib/action_controller/metal/renderers.rb:26:in `render_to_body'
  actionpack (4.0.0) lib/abstract_controller/rendering.rb:97:in `render'
  actionpack (4.0.0) lib/action_controller/metal/rendering.rb:16:in `render'
  actionpack (4.0.0) lib/action_controller/metal/instrumentation.rb:41:in `block (2 levels) in render'
  activesupport (4.0.0) lib/active_support/core_ext/benchmark.rb:12:in `block in ms'
  /Users/juideshpande/.rvm/rubies/ruby-2.0.0-p247/lib/ruby/2.0.0/benchmark.rb:296:in `realtime'
  activesupport (4.0.0) lib/active_support/core_ext/benchmark.rb:12:in `ms'
  actionpack (4.0.0) lib/action_controller/metal/instrumentation.rb:41:in `block in render'
  actionpack (4.0.0) lib/action_controller/metal/instrumentation.rb:84:in `cleanup_view_runtime'
  activerecord (4.0.0) lib/active_record/railties/controller_runtime.rb:25:in `cleanup_view_runtime'
  actionpack (4.0.0) lib/action_controller/metal/instrumentation.rb:40:in `render'
  actionpack (4.0.0) lib/action_controller/metal/implicit_render.rb:10:in `default_render'
  actionpack (4.0.0) lib/action_controller/metal/implicit_render.rb:5:in `send_action'
  actionpack (4.0.0) lib/abstract_controller/base.rb:189:in `process_action'
  actionpack (4.0.0) lib/action_controller/metal/rendering.rb:10:in `process_action'
  actionpack (4.0.0) lib/abstract_controller/callbacks.rb:18:in `block in process_action'
  activesupport (4.0.0) lib/active_support/callbacks.rb:403:in `_run__231689101516347108__process_action__callbacks'
  activesupport (4.0.0) lib/active_support/callbacks.rb:80:in `run_callbacks'
  actionpack (4.0.0) lib/abstract_controller/callbacks.rb:17:in `process_action'
  actionpack (4.0.0) lib/action_controller/metal/rescue.rb:29:in `process_action'
  actionpack (4.0.0) lib/action_controller/metal/instrumentation.rb:31:in `block in process_action'
  activesupport (4.0.0) lib/active_support/notifications.rb:159:in `block in instrument'
  activesupport (4.0.0) lib/active_support/notifications/instrumenter.rb:20:in `instrument'
  activesupport (4.0.0) lib/active_support/notifications.rb:159:in `instrument'
  actionpack (4.0.0) lib/action_controller/metal/instrumentation.rb:30:in `process_action'
  actionpack (4.0.0) lib/action_controller/metal/params_wrapper.rb:245:in `process_action'
  activerecord (4.0.0) lib/active_record/railties/controller_runtime.rb:18:in `process_action'
  actionpack (4.0.0) lib/abstract_controller/base.rb:136:in `process'
  actionpack (4.0.0) lib/abstract_controller/rendering.rb:44:in `process'
  actionpack (4.0.0) lib/action_controller/metal.rb:195:in `dispatch'
  actionpack (4.0.0) lib/action_controller/metal/rack_delegation.rb:13:in `dispatch'
  actionpack (4.0.0) lib/action_controller/metal.rb:231:in `block in action'
  actionpack (4.0.0) lib/action_dispatch/routing/route_set.rb:80:in `call'
  actionpack (4.0.0) lib/action_dispatch/routing/route_set.rb:80:in `dispatch'
  actionpack (4.0.0) lib/action_dispatch/routing/route_set.rb:48:in `call'
  actionpack (4.0.0) lib/action_dispatch/journey/router.rb:71:in `block in call'
  actionpack (4.0.0) lib/action_dispatch/journey/router.rb:59:in `each'
  actionpack (4.0.0) lib/action_dispatch/journey/router.rb:59:in `call'
  actionpack (4.0.0) lib/action_dispatch/routing/route_set.rb:655:in `call'
  rack (1.5.2) lib/rack/etag.rb:23:in `call'
  rack (1.5.2) lib/rack/conditionalget.rb:25:in `call'
  rack (1.5.2) lib/rack/head.rb:11:in `call'
  actionpack (4.0.0) lib/action_dispatch/middleware/params_parser.rb:27:in `call'
  actionpack (4.0.0) lib/action_dispatch/middleware/flash.rb:241:in `call'
  rack (1.5.2) lib/rack/session/abstract/id.rb:225:in `context'
  rack (1.5.2) lib/rack/session/abstract/id.rb:220:in `call'
  actionpack (4.0.0) lib/action_dispatch/middleware/cookies.rb:486:in `call'
  activerecord (4.0.0) lib/active_record/query_cache.rb:36:in `call'
  activerecord (4.0.0) lib/active_record/connection_adapters/abstract/connection_pool.rb:626:in `call'
  activerecord (4.0.0) lib/active_record/migration.rb:369:in `call'
  actionpack (4.0.0) lib/action_dispatch/middleware/callbacks.rb:29:in `block in call'
  activesupport (4.0.0) lib/active_support/callbacks.rb:373:in `_run__2742049380597242830__call__callbacks'
  activesupport (4.0.0) lib/active_support/callbacks.rb:80:in `run_callbacks'
  actionpack (4.0.0) lib/action_dispatch/middleware/callbacks.rb:27:in `call'
  actionpack (4.0.0) lib/action_dispatch/middleware/reloader.rb:64:in `call'
  actionpack (4.0.0) lib/action_dispatch/middleware/remote_ip.rb:76:in `call'
  actionpack (4.0.0) lib/action_dispatch/middleware/debug_exceptions.rb:17:in `call'
  actionpack (4.0.0) lib/action_dispatch/middleware/show_exceptions.rb:30:in `call'
  railties (4.0.0) lib/rails/rack/logger.rb:38:in `call_app'
  railties (4.0.0) lib/rails/rack/logger.rb:21:in `block in call'
  activesupport (4.0.0) lib/active_support/tagged_logging.rb:67:in `block in tagged'
  activesupport (4.0.0) lib/active_support/tagged_logging.rb:25:in `tagged'
  activesupport (4.0.0) lib/active_support/tagged_logging.rb:67:in `tagged'
  railties (4.0.0) lib/rails/rack/logger.rb:21:in `call'
  actionpack (4.0.0) lib/action_dispatch/middleware/request_id.rb:21:in `call'
  rack (1.5.2) lib/rack/methodoverride.rb:21:in `call'
  rack (1.5.2) lib/rack/runtime.rb:17:in `call'
  activesupport (4.0.0) lib/active_support/cache/strategy/local_cache.rb:83:in `call'
  rack (1.5.2) lib/rack/lock.rb:17:in `call'
  actionpack (4.0.0) lib/action_dispatch/middleware/static.rb:64:in `call'
  railties (4.0.0) lib/rails/engine.rb:511:in `call'
  railties (4.0.0) lib/rails/application.rb:97:in `call'
  rack (1.5.2) lib/rack/lock.rb:17:in `call'
  rack (1.5.2) lib/rack/content_length.rb:14:in `call'
  rack (1.5.2) lib/rack/handler/webrick.rb:60:in `service'
  /Users/juideshpande/.rvm/rubies/ruby-2.0.0-p247/lib/ruby/2.0.0/webrick/httpserver.rb:138:in `service'
  /Users/juideshpande/.rvm/rubies/ruby-2.0.0-p247/lib/ruby/2.0.0/webrick/httpserver.rb:94:in `run'
  /Users/juideshpande/.rvm/rubies/ruby-2.0.0-p247/lib/ruby/2.0.0/webrick/server.rb:295:in `block in start_thread'


  Rendered /Users/juideshpande/.rvm/gems/ruby-2.0.0-p247/gems/actionpack-4.0.0/lib/action_dispatch/middleware/templates/rescues/missing_template.erb within rescues/layout (0.4ms)


<<<<<<< HEAD
Started GET "/" for 127.0.0.1 at 2013-08-31 16:37:40 +1200
Processing by HomeController#index as HTML
  [1m[36mCategory Load (0.2ms)[0m  [1mSELECT "categories".* FROM "categories"[0m
  Rendered home/index.html.erb within layouts/application (294.2ms)
Completed 200 OK in 355ms (Views: 317.5ms | ActiveRecord: 2.1ms)


Started GET "/assets/application.css?body=1" for 127.0.0.1 at 2013-08-31 16:37:41 +1200


Started GET "/assets/jquery.js?body=1" for 127.0.0.1 at 2013-08-31 16:37:41 +1200


Started GET "/assets/jquery_ujs.js?body=1" for 127.0.0.1 at 2013-08-31 16:37:41 +1200


Started GET "/assets/turbolinks.js?body=1" for 127.0.0.1 at 2013-08-31 16:37:41 +1200


Started GET "/assets/application.js?body=1" for 127.0.0.1 at 2013-08-31 16:37:41 +1200


Started GET "/subcategories?category_id=0339-" for 127.0.0.1 at 2013-08-31 16:37:44 +1200
Processing by HomeController#subcategories as */*
  Parameters: {"category_id"=>"0339-"}
  Rendered subcategories/_subcategory.html.erb (0.6ms)
  Rendered home/subcategories.js.erb (10.4ms)
Completed 200 OK in 309ms (Views: 22.2ms | ActiveRecord: 0.0ms)


Started GET "/search?keywords=batman&cat=0339-&subcat=0339-0488-" for 127.0.0.1 at 2013-08-31 16:37:51 +1200
Processing by HomeController#search as */*
  Parameters: {"keywords"=>"batman", "cat"=>"0339-", "subcat"=>"0339-0488-"}
Completed 200 OK in 641ms (Views: 1.3ms | ActiveRecord: 0.0ms)
=======
Started GET "/" for 127.0.0.1 at 2013-08-31 16:27:35 +1200
Processing by HomeController#index as HTML
  [1m[36mCategory Load (0.3ms)[0m  [1mSELECT "categories".* FROM "categories"[0m
  Rendered home/index.html.erb within layouts/application (108.9ms)
Completed 200 OK in 174ms (Views: 138.8ms | ActiveRecord: 8.5ms)


Started GET "/assets/application.css?body=1" for 127.0.0.1 at 2013-08-31 16:27:36 +1200


Started GET "/assets/jquery.js?body=1" for 127.0.0.1 at 2013-08-31 16:27:36 +1200


Started GET "/assets/jquery_ujs.js?body=1" for 127.0.0.1 at 2013-08-31 16:27:36 +1200


Started GET "/assets/turbolinks.js?body=1" for 127.0.0.1 at 2013-08-31 16:27:36 +1200


Started GET "/assets/application.js?body=1" for 127.0.0.1 at 2013-08-31 16:27:36 +1200


Started GET "/subcategories?category_id=0350-" for 127.0.0.1 at 2013-08-31 16:27:40 +1200
Processing by HomeController#subcategories as */*
  Parameters: {"category_id"=>"0350-"}
  Rendered subcategories/_subcategory.html.erb (0.6ms)
  Rendered home/subcategories.js.erb (37.3ms)
Completed 200 OK in 118ms (Views: 42.9ms | ActiveRecord: 0.0ms)


Started GET "/search?keywords=&cat=0350-&subcat=0350-5748-" for 127.0.0.1 at 2013-08-31 16:27:48 +1200
Processing by HomeController#search as */*
  Parameters: {"keywords"=>"", "cat"=>"0350-", "subcat"=>"0350-5748-"}
Completed 200 OK in 1689ms (Views: 1.6ms | ActiveRecord: 0.0ms)


Started GET "/search?keywords=&cat=0350-&subcat=0350-5748-" for 127.0.0.1 at 2013-08-31 16:27:54 +1200
Processing by HomeController#search as */*
  Parameters: {"keywords"=>"", "cat"=>"0350-", "subcat"=>"0350-5748-"}
Completed 200 OK in 409ms (Views: 1.5ms | ActiveRecord: 0.0ms)


Started GET "/search?keywords=&cat=0350-&subcat=0350-5745-" for 127.0.0.1 at 2013-08-31 16:28:27 +1200
Processing by HomeController#search as */*
  Parameters: {"keywords"=>"", "cat"=>"0350-", "subcat"=>"0350-5745-"}
Completed 200 OK in 456ms (Views: 1.7ms | ActiveRecord: 0.0ms)


Started GET "/subcategories?category_id=0153-" for 127.0.0.1 at 2013-08-31 16:28:30 +1200
Processing by HomeController#subcategories as */*
  Parameters: {"category_id"=>"0153-"}
  Rendered subcategories/_subcategory.html.erb (0.2ms)
  Rendered home/subcategories.js.erb (3.3ms)
Completed 200 OK in 381ms (Views: 8.9ms | ActiveRecord: 0.0ms)


Started GET "/search?keywords=&cat=0153-&subcat=0153-0438-" for 127.0.0.1 at 2013-08-31 16:28:35 +1200
Processing by HomeController#search as */*
  Parameters: {"keywords"=>"", "cat"=>"0153-", "subcat"=>"0153-0438-"}
Completed 200 OK in 436ms (Views: 0.7ms | ActiveRecord: 0.0ms)


Started GET "/search?keywords=hats&cat=0153-&subcat=0153-0438-" for 127.0.0.1 at 2013-08-31 16:29:35 +1200
Processing by HomeController#search as */*
  Parameters: {"keywords"=>"hats", "cat"=>"0153-", "subcat"=>"0153-0438-"}
Completed 200 OK in 1010ms (Views: 1.2ms | ActiveRecord: 0.0ms)
>>>>>>> 4863c86b2928c3060a1c3b0cdb8175e6655363bc
  [1m[36m (1.8ms)[0m  [1mCREATE TABLE "schema_migrations" ("version" varchar(255) NOT NULL) [0m
  [1m[35m (1.7ms)[0m  CREATE UNIQUE INDEX "unique_schema_migrations" ON "schema_migrations" ("version")
  [1m[36mActiveRecord::SchemaMigration Load (0.1ms)[0m  [1mSELECT "schema_migrations".* FROM "schema_migrations"[0m
Migrating to CreateCategories (20130831042143)
  [1m[35m (0.1ms)[0m  begin transaction
  [1m[36m (0.1ms)[0m  [1mCREATE TABLE "categories" ("id" INTEGER PRIMARY KEY AUTOINCREMENT NOT NULL, "name" varchar(255), "number" varchar(255), "path" varchar(255)) [0m
SQLite3::SQLException: table "categories" already exists: CREATE TABLE "categories" ("id" INTEGER PRIMARY KEY AUTOINCREMENT NOT NULL, "name" varchar(255), "number" varchar(255), "path" varchar(255)) 
  [1m[35m (0.0ms)[0m  rollback transaction
  [1m[36m (2.0ms)[0m  [1mCREATE TABLE "schema_migrations" ("version" varchar(255) NOT NULL) [0m
  [1m[35m (1.0ms)[0m  CREATE UNIQUE INDEX "unique_schema_migrations" ON "schema_migrations" ("version")
  [1m[36mActiveRecord::SchemaMigration Load (0.1ms)[0m  [1mSELECT "schema_migrations".* FROM "schema_migrations"[0m
Migrating to CreateCategories (20130831042143)
  [1m[35m (0.1ms)[0m  begin transaction
  [1m[36m (0.4ms)[0m  [1mCREATE TABLE "categories" ("id" INTEGER PRIMARY KEY AUTOINCREMENT NOT NULL, "name" varchar(255), "number" varchar(255), "path" varchar(255)) [0m
  [1m[35m (0.1ms)[0m  CREATE INDEX "index_categories_on_number" ON "categories" ("number")
  [1m[36mSQL (0.2ms)[0m  [1mINSERT INTO "schema_migrations" ("version") VALUES (?)[0m  [["version", "20130831042143"]]
  [1m[35m (2.1ms)[0m  commit transaction
  [1m[36mActiveRecord::SchemaMigration Load (0.1ms)[0m  [1mSELECT "schema_migrations".* FROM "schema_migrations"[0m
  [1m[36m (0.1ms)[0m  [1mbegin transaction[0m
  [1m[35mSQL (0.4ms)[0m  INSERT INTO "categories" ("name", "number", "path") VALUES (?, ?, ?)  [["name", "Trade Me Motors"], ["number", "0001-"], ["path", "/Trade-Me-Motors"]]
  [1m[36m (1.9ms)[0m  [1mcommit transaction[0m
  [1m[35m (0.1ms)[0m  begin transaction
  [1m[36mSQL (0.2ms)[0m  [1mINSERT INTO "categories" ("name", "number", "path") VALUES (?, ?, ?)[0m  [["name", "Trade Me Property"], ["number", "0350-"], ["path", "/Trade-Me-Property"]]
  [1m[35m (1.0ms)[0m  commit transaction
  [1m[36m (0.0ms)[0m  [1mbegin transaction[0m
  [1m[35mSQL (0.2ms)[0m  INSERT INTO "categories" ("name", "number", "path") VALUES (?, ?, ?)  [["name", "Trade Me Jobs"], ["number", "5000-"], ["path", "/Trade-Me-Jobs"]]
  [1m[36m (0.8ms)[0m  [1mcommit transaction[0m
  [1m[35m (0.1ms)[0m  begin transaction
  [1m[36mSQL (0.2ms)[0m  [1mINSERT INTO "categories" ("name", "number", "path") VALUES (?, ?, ?)[0m  [["name", "Antiques & collectables"], ["number", "0187-"], ["path", "/Antiques-collectables"]]
  [1m[35m (0.9ms)[0m  commit transaction
  [1m[36m (0.1ms)[0m  [1mbegin transaction[0m
  [1m[35mSQL (0.2ms)[0m  INSERT INTO "categories" ("name", "number", "path") VALUES (?, ?, ?)  [["name", "Art"], ["number", "0339-"], ["path", "/Art"]]
  [1m[36m (2.4ms)[0m  [1mcommit transaction[0m
  [1m[35m (0.1ms)[0m  begin transaction
  [1m[36mSQL (0.2ms)[0m  [1mINSERT INTO "categories" ("name", "number", "path") VALUES (?, ?, ?)[0m  [["name", "Baby gear"], ["number", "0351-"], ["path", "/Baby-gear"]]
  [1m[35m (1.4ms)[0m  commit transaction
  [1m[36m (0.1ms)[0m  [1mbegin transaction[0m
  [1m[35mSQL (0.3ms)[0m  INSERT INTO "categories" ("name", "number", "path") VALUES (?, ?, ?)  [["name", "Books"], ["number", "0193-"], ["path", "/Books"]]
  [1m[36m (1.2ms)[0m  [1mcommit transaction[0m
  [1m[35m (0.1ms)[0m  begin transaction
  [1m[36mSQL (0.2ms)[0m  [1mINSERT INTO "categories" ("name", "number", "path") VALUES (?, ?, ?)[0m  [["name", "Building & renovation"], ["number", "5964-"], ["path", "/Building-renovation"]]
  [1m[35m (1.2ms)[0m  commit transaction
  [1m[36m (0.1ms)[0m  [1mbegin transaction[0m
  [1m[35mSQL (0.2ms)[0m  INSERT INTO "categories" ("name", "number", "path") VALUES (?, ?, ?)  [["name", "Business, farming & industry"], ["number", "0010-"], ["path", "/Business-farming-industry"]]
  [1m[36m (1.5ms)[0m  [1mcommit transaction[0m
  [1m[35m (0.1ms)[0m  begin transaction
  [1m[36mSQL (0.3ms)[0m  [1mINSERT INTO "categories" ("name", "number", "path") VALUES (?, ?, ?)[0m  [["name", "Chch earthquake support"], ["number", "9530-"], ["path", "/Chch-earthquake-support"]]
  [1m[35m (1.3ms)[0m  commit transaction
  [1m[36m (0.1ms)[0m  [1mbegin transaction[0m
  [1m[35mSQL (0.3ms)[0m  INSERT INTO "categories" ("name", "number", "path") VALUES (?, ?, ?)  [["name", "Clothing"], ["number", "0153-"], ["path", "/Clothing"]]
  [1m[36m (1.1ms)[0m  [1mcommit transaction[0m
  [1m[35m (0.1ms)[0m  begin transaction
  [1m[36mSQL (0.2ms)[0m  [1mINSERT INTO "categories" ("name", "number", "path") VALUES (?, ?, ?)[0m  [["name", "Computers"], ["number", "0002-"], ["path", "/Computers"]]
  [1m[35m (1.3ms)[0m  commit transaction
  [1m[36m (0.1ms)[0m  [1mbegin transaction[0m
  [1m[35mSQL (0.3ms)[0m  INSERT INTO "categories" ("name", "number", "path") VALUES (?, ?, ?)  [["name", "Crafts"], ["number", "0341-"], ["path", "/Crafts"]]
  [1m[36m (0.9ms)[0m  [1mcommit transaction[0m
  [1m[35m (0.1ms)[0m  begin transaction
  [1m[36mSQL (0.4ms)[0m  [1mINSERT INTO "categories" ("name", "number", "path") VALUES (?, ?, ?)[0m  [["name", "Electronics & photography"], ["number", "0124-"], ["path", "/Electronics-photography"]]
  [1m[35m (1.3ms)[0m  commit transaction
  [1m[36m (0.1ms)[0m  [1mbegin transaction[0m
  [1m[35mSQL (0.3ms)[0m  INSERT INTO "categories" ("name", "number", "path") VALUES (?, ?, ?)  [["name", "Flatmates wanted"], ["number", "2975-"], ["path", "/Flatmates-wanted"]]
  [1m[36m (0.9ms)[0m  [1mcommit transaction[0m
  [1m[35m (0.1ms)[0m  begin transaction
  [1m[36mSQL (0.3ms)[0m  [1mINSERT INTO "categories" ("name", "number", "path") VALUES (?, ?, ?)[0m  [["name", "Gaming"], ["number", "0202-"], ["path", "/Gaming"]]
  [1m[35m (1.2ms)[0m  commit transaction
  [1m[36m (0.1ms)[0m  [1mbegin transaction[0m
  [1m[35mSQL (0.2ms)[0m  INSERT INTO "categories" ("name", "number", "path") VALUES (?, ?, ?)  [["name", "Health & beauty"], ["number", "4798-"], ["path", "/Health-beauty"]]
  [1m[36m (1.3ms)[0m  [1mcommit transaction[0m
  [1m[35m (0.1ms)[0m  begin transaction
  [1m[36mSQL (0.3ms)[0m  [1mINSERT INTO "categories" ("name", "number", "path") VALUES (?, ?, ?)[0m  [["name", "Home & living"], ["number", "0004-"], ["path", "/Home-living"]]
  [1m[35m (1.2ms)[0m  commit transaction
  [1m[36m (0.1ms)[0m  [1mbegin transaction[0m
  [1m[35mSQL (0.4ms)[0m  INSERT INTO "categories" ("name", "number", "path") VALUES (?, ?, ?)  [["name", "Jewellery & watches"], ["number", "0246-"], ["path", "/Jewellery-watches"]]
  [1m[36m (1.2ms)[0m  [1mcommit transaction[0m
  [1m[35m (0.1ms)[0m  begin transaction
  [1m[36mSQL (0.3ms)[0m  [1mINSERT INTO "categories" ("name", "number", "path") VALUES (?, ?, ?)[0m  [["name", "Mobile phones"], ["number", "0344-"], ["path", "/Mobile-phones"]]
  [1m[35m (1.6ms)[0m  commit transaction
  [1m[36m (0.1ms)[0m  [1mbegin transaction[0m
  [1m[35mSQL (0.2ms)[0m  INSERT INTO "categories" ("name", "number", "path") VALUES (?, ?, ?)  [["name", "Movies & TV"], ["number", "0003-"], ["path", "/Movies-TV"]]
  [1m[36m (1.0ms)[0m  [1mcommit transaction[0m
  [1m[35m (0.1ms)[0m  begin transaction
  [1m[36mSQL (0.2ms)[0m  [1mINSERT INTO "categories" ("name", "number", "path") VALUES (?, ?, ?)[0m  [["name", "Music & instruments"], ["number", "0343-"], ["path", "/Music-instruments"]]
  [1m[35m (1.2ms)[0m  commit transaction
  [1m[36m (0.1ms)[0m  [1mbegin transaction[0m
  [1m[35mSQL (0.3ms)[0m  INSERT INTO "categories" ("name", "number", "path") VALUES (?, ?, ?)  [["name", "Pets & animals"], ["number", "9425-"], ["path", "/Pets-animals"]]
  [1m[36m (1.0ms)[0m  [1mcommit transaction[0m
  [1m[35m (0.1ms)[0m  begin transaction
  [1m[36mSQL (0.2ms)[0m  [1mINSERT INTO "categories" ("name", "number", "path") VALUES (?, ?, ?)[0m  [["name", "Pottery & glass"], ["number", "0340-"], ["path", "/Pottery-glass"]]
  [1m[35m (1.1ms)[0m  commit transaction
  [1m[36m (0.1ms)[0m  [1mbegin transaction[0m
  [1m[35mSQL (0.2ms)[0m  INSERT INTO "categories" ("name", "number", "path") VALUES (?, ?, ?)  [["name", "Services"], ["number", "9334-"], ["path", "/Services"]]
  [1m[36m (1.6ms)[0m  [1mcommit transaction[0m
  [1m[35m (0.1ms)[0m  begin transaction
  [1m[36mSQL (0.3ms)[0m  [1mINSERT INTO "categories" ("name", "number", "path") VALUES (?, ?, ?)[0m  [["name", "Sports"], ["number", "0005-"], ["path", "/Sports"]]
  [1m[35m (1.0ms)[0m  commit transaction
  [1m[36m (0.1ms)[0m  [1mbegin transaction[0m
  [1m[35mSQL (0.2ms)[0m  INSERT INTO "categories" ("name", "number", "path") VALUES (?, ?, ?)  [["name", "Toys & models"], ["number", "0347-"], ["path", "/Toys-models"]]
  [1m[36m (1.1ms)[0m  [1mcommit transaction[0m
  [1m[35m (0.1ms)[0m  begin transaction
  [1m[36mSQL (0.3ms)[0m  [1mINSERT INTO "categories" ("name", "number", "path") VALUES (?, ?, ?)[0m  [["name", "Travel, events & activities"], ["number", "9374-"], ["path", "/Travel-events-activities"]]
  [1m[35m (1.0ms)[0m  commit transaction


Started GET "/" for 127.0.0.1 at 2013-08-31 16:53:14 +1200
  [1m[36mActiveRecord::SchemaMigration Load (0.1ms)[0m  [1mSELECT "schema_migrations".* FROM "schema_migrations"[0m
Processing by HomeController#index as HTML
  [1m[35mCategory Load (0.2ms)[0m  SELECT "categories".* FROM "categories"
  Rendered home/index.html.erb within layouts/application (688.4ms)
Completed 200 OK in 752ms (Views: 725.4ms | ActiveRecord: 0.6ms)


Started GET "/assets/application.css?body=1" for 127.0.0.1 at 2013-08-31 16:53:15 +1200


Started GET "/assets/jquery.js?body=1" for 127.0.0.1 at 2013-08-31 16:53:15 +1200


Started GET "/assets/jquery_ujs.js?body=1" for 127.0.0.1 at 2013-08-31 16:53:15 +1200


Started GET "/assets/turbolinks.js?body=1" for 127.0.0.1 at 2013-08-31 16:53:15 +1200


Started GET "/assets/application.js?body=1" for 127.0.0.1 at 2013-08-31 16:53:15 +1200


Started GET "/subcategories?category_id=6" for 127.0.0.1 at 2013-08-31 16:53:18 +1200
Processing by HomeController#subcategories as */*
  Parameters: {"category_id"=>"6"}
Completed 500 Internal Server Error in 46ms

NoMethodError (undefined method `collect' for nil:NilClass):
  app/models/scraper.rb:15:in `generate'
  app/controllers/home_controller.rb:37:in `subcategories'


  Rendered /Users/juideshpande/.rvm/gems/ruby-2.0.0-p247/gems/actionpack-4.0.0/lib/action_dispatch/middleware/templates/rescues/_source.erb (0.7ms)
  Rendered /Users/juideshpande/.rvm/gems/ruby-2.0.0-p247/gems/actionpack-4.0.0/lib/action_dispatch/middleware/templates/rescues/_trace.erb (1.2ms)
  Rendered /Users/juideshpande/.rvm/gems/ruby-2.0.0-p247/gems/actionpack-4.0.0/lib/action_dispatch/middleware/templates/rescues/_request_and_response.erb (1.1ms)
  Rendered /Users/juideshpande/.rvm/gems/ruby-2.0.0-p247/gems/actionpack-4.0.0/lib/action_dispatch/middleware/templates/rescues/diagnostics.erb within rescues/layout (17.6ms)


Started GET "/subcategories?category_id=8" for 127.0.0.1 at 2013-08-31 16:53:21 +1200
Processing by HomeController#subcategories as */*
  Parameters: {"category_id"=>"8"}
Completed 500 Internal Server Error in 27ms

NoMethodError (undefined method `collect' for nil:NilClass):
  app/models/scraper.rb:15:in `generate'
  app/controllers/home_controller.rb:37:in `subcategories'


  Rendered /Users/juideshpande/.rvm/gems/ruby-2.0.0-p247/gems/actionpack-4.0.0/lib/action_dispatch/middleware/templates/rescues/_source.erb (0.6ms)
  Rendered /Users/juideshpande/.rvm/gems/ruby-2.0.0-p247/gems/actionpack-4.0.0/lib/action_dispatch/middleware/templates/rescues/_trace.erb (1.0ms)
  Rendered /Users/juideshpande/.rvm/gems/ruby-2.0.0-p247/gems/actionpack-4.0.0/lib/action_dispatch/middleware/templates/rescues/_request_and_response.erb (1.0ms)
  Rendered /Users/juideshpande/.rvm/gems/ruby-2.0.0-p247/gems/actionpack-4.0.0/lib/action_dispatch/middleware/templates/rescues/diagnostics.erb within rescues/layout (14.7ms)


Started GET "/subcategories?category_id=3" for 127.0.0.1 at 2013-08-31 16:53:24 +1200
Processing by HomeController#subcategories as */*
  Parameters: {"category_id"=>"3"}
  Rendered subcategories/_subcategory.html.erb (0.7ms)
  Rendered home/subcategories.js.erb (57.4ms)
Completed 200 OK in 95ms (Views: 65.5ms | ActiveRecord: 0.0ms)


Started GET "/subcategories?category_id=5" for 127.0.0.1 at 2013-08-31 16:53:28 +1200
Processing by HomeController#subcategories as */*
  Parameters: {"category_id"=>"5"}
  Rendered subcategories/_subcategory.html.erb (1.1ms)
  Rendered home/subcategories.js.erb (5.9ms)
Completed 200 OK in 36ms (Views: 10.5ms | ActiveRecord: 0.0ms)


Started GET "/subcategories?category_id=16" for 127.0.0.1 at 2013-08-31 16:53:32 +1200
Processing by HomeController#subcategories as */*
  Parameters: {"category_id"=>"16"}
Completed 500 Internal Server Error in 40ms

RestClient::BadRequest (400 Bad Request):
  app/models/scraper.rb:13:in `generate'
  app/controllers/home_controller.rb:37:in `subcategories'


  Rendered /Users/juideshpande/.rvm/gems/ruby-2.0.0-p247/gems/actionpack-4.0.0/lib/action_dispatch/middleware/templates/rescues/_source.erb (0.6ms)
  Rendered /Users/juideshpande/.rvm/gems/ruby-2.0.0-p247/gems/actionpack-4.0.0/lib/action_dispatch/middleware/templates/rescues/_trace.erb (1.0ms)
  Rendered /Users/juideshpande/.rvm/gems/ruby-2.0.0-p247/gems/actionpack-4.0.0/lib/action_dispatch/middleware/templates/rescues/_request_and_response.erb (0.9ms)
  Rendered /Users/juideshpande/.rvm/gems/ruby-2.0.0-p247/gems/actionpack-4.0.0/lib/action_dispatch/middleware/templates/rescues/diagnostics.erb within rescues/layout (13.5ms)


Started GET "/subcategories?category_id=13" for 127.0.0.1 at 2013-08-31 16:53:41 +1200
Processing by HomeController#subcategories as */*
  Parameters: {"category_id"=>"13"}
Completed 500 Internal Server Error in 25ms

NoMethodError (undefined method `collect' for nil:NilClass):
  app/models/scraper.rb:15:in `generate'
  app/controllers/home_controller.rb:37:in `subcategories'


  Rendered /Users/juideshpande/.rvm/gems/ruby-2.0.0-p247/gems/actionpack-4.0.0/lib/action_dispatch/middleware/templates/rescues/_source.erb (0.6ms)
  Rendered /Users/juideshpande/.rvm/gems/ruby-2.0.0-p247/gems/actionpack-4.0.0/lib/action_dispatch/middleware/templates/rescues/_trace.erb (1.7ms)
  Rendered /Users/juideshpande/.rvm/gems/ruby-2.0.0-p247/gems/actionpack-4.0.0/lib/action_dispatch/middleware/templates/rescues/_request_and_response.erb (1.0ms)
  Rendered /Users/juideshpande/.rvm/gems/ruby-2.0.0-p247/gems/actionpack-4.0.0/lib/action_dispatch/middleware/templates/rescues/diagnostics.erb within rescues/layout (15.6ms)


Started GET "/subcategories?category_id=10" for 127.0.0.1 at 2013-08-31 16:53:45 +1200
Processing by HomeController#subcategories as */*
  Parameters: {"category_id"=>"10"}
  Rendered subcategories/_subcategory.html.erb (0.2ms)
  Rendered home/subcategories.js.erb (3.4ms)
Completed 200 OK in 43ms (Views: 7.5ms | ActiveRecord: 0.0ms)


Started GET "/subcategories?category_id=7" for 127.0.0.1 at 2013-08-31 16:53:59 +1200
Processing by HomeController#subcategories as */*
  Parameters: {"category_id"=>"7"}
Completed 500 Internal Server Error in 28ms

NoMethodError (undefined method `collect' for nil:NilClass):
  app/models/scraper.rb:15:in `generate'
  app/controllers/home_controller.rb:37:in `subcategories'


  Rendered /Users/juideshpande/.rvm/gems/ruby-2.0.0-p247/gems/actionpack-4.0.0/lib/action_dispatch/middleware/templates/rescues/_source.erb (0.7ms)
  Rendered /Users/juideshpande/.rvm/gems/ruby-2.0.0-p247/gems/actionpack-4.0.0/lib/action_dispatch/middleware/templates/rescues/_trace.erb (1.1ms)
  Rendered /Users/juideshpande/.rvm/gems/ruby-2.0.0-p247/gems/actionpack-4.0.0/lib/action_dispatch/middleware/templates/rescues/_request_and_response.erb (1.2ms)
  Rendered /Users/juideshpande/.rvm/gems/ruby-2.0.0-p247/gems/actionpack-4.0.0/lib/action_dispatch/middleware/templates/rescues/diagnostics.erb within rescues/layout (15.2ms)


Started GET "/subcategories?category_id=6" for 127.0.0.1 at 2013-08-31 16:54:02 +1200
Processing by HomeController#subcategories as */*
  Parameters: {"category_id"=>"6"}
Completed 500 Internal Server Error in 41ms

NoMethodError (undefined method `collect' for nil:NilClass):
  app/models/scraper.rb:15:in `generate'
  app/controllers/home_controller.rb:37:in `subcategories'


  Rendered /Users/juideshpande/.rvm/gems/ruby-2.0.0-p247/gems/actionpack-4.0.0/lib/action_dispatch/middleware/templates/rescues/_source.erb (0.7ms)
  Rendered /Users/juideshpande/.rvm/gems/ruby-2.0.0-p247/gems/actionpack-4.0.0/lib/action_dispatch/middleware/templates/rescues/_trace.erb (1.0ms)
  Rendered /Users/juideshpande/.rvm/gems/ruby-2.0.0-p247/gems/actionpack-4.0.0/lib/action_dispatch/middleware/templates/rescues/_request_and_response.erb (0.9ms)
  Rendered /Users/juideshpande/.rvm/gems/ruby-2.0.0-p247/gems/actionpack-4.0.0/lib/action_dispatch/middleware/templates/rescues/diagnostics.erb within rescues/layout (13.9ms)


Started GET "/subcategories?category_id=13" for 127.0.0.1 at 2013-08-31 16:54:05 +1200
Processing by HomeController#subcategories as */*
  Parameters: {"category_id"=>"13"}
Completed 500 Internal Server Error in 24ms

NoMethodError (undefined method `collect' for nil:NilClass):
  app/models/scraper.rb:15:in `generate'
  app/controllers/home_controller.rb:37:in `subcategories'


  Rendered /Users/juideshpande/.rvm/gems/ruby-2.0.0-p247/gems/actionpack-4.0.0/lib/action_dispatch/middleware/templates/rescues/_source.erb (0.8ms)
  Rendered /Users/juideshpande/.rvm/gems/ruby-2.0.0-p247/gems/actionpack-4.0.0/lib/action_dispatch/middleware/templates/rescues/_trace.erb (1.0ms)
  Rendered /Users/juideshpande/.rvm/gems/ruby-2.0.0-p247/gems/actionpack-4.0.0/lib/action_dispatch/middleware/templates/rescues/_request_and_response.erb (0.9ms)
  Rendered /Users/juideshpande/.rvm/gems/ruby-2.0.0-p247/gems/actionpack-4.0.0/lib/action_dispatch/middleware/templates/rescues/diagnostics.erb within rescues/layout (14.6ms)


Started GET "/" for 127.0.0.1 at 2013-08-31 16:54:42 +1200
Processing by HomeController#index as HTML
  [1m[36mCategory Load (0.4ms)[0m  [1mSELECT "categories".* FROM "categories"[0m
  Rendered home/index.html.erb within layouts/application (7.0ms)
Completed 200 OK in 12ms (Views: 10.8ms | ActiveRecord: 0.4ms)


Started GET "/assets/application.css?body=1" for 127.0.0.1 at 2013-08-31 16:54:42 +1200


Started GET "/assets/jquery.js?body=1" for 127.0.0.1 at 2013-08-31 16:54:43 +1200


Started GET "/assets/jquery_ujs.js?body=1" for 127.0.0.1 at 2013-08-31 16:54:43 +1200


Started GET "/assets/turbolinks.js?body=1" for 127.0.0.1 at 2013-08-31 16:54:43 +1200


Started GET "/assets/application.js?body=1" for 127.0.0.1 at 2013-08-31 16:54:43 +1200


Started GET "/assets/jquery.js?body=1" for 127.0.0.1 at 2013-08-31 16:54:49 +1200


Started GET "/assets/turbolinks.js?body=1" for 127.0.0.1 at 2013-08-31 16:54:51 +1200


Started GET "/subcategories?category_id=1" for 127.0.0.1 at 2013-08-31 16:54:53 +1200
Processing by HomeController#subcategories as */*
  Parameters: {"category_id"=>"1"}
  Rendered subcategories/_subcategory.html.erb (0.5ms)
  Rendered home/subcategories.js.erb (4.2ms)
Completed 200 OK in 391ms (Views: 9.1ms | ActiveRecord: 0.0ms)


Started GET "/subcategories?category_id=5" for 127.0.0.1 at 2013-08-31 16:54:59 +1200
Processing by HomeController#subcategories as */*
  Parameters: {"category_id"=>"5"}
  Rendered subcategories/_subcategory.html.erb (0.6ms)
  Rendered home/subcategories.js.erb (3.7ms)
Completed 200 OK in 37ms (Views: 8.1ms | ActiveRecord: 0.0ms)


Started GET "/subcategories?category_id=26" for 127.0.0.1 at 2013-08-31 16:55:08 +1200
Processing by HomeController#subcategories as */*
  Parameters: {"category_id"=>"26"}
  Rendered subcategories/_subcategory.html.erb (0.1ms)
  Rendered home/subcategories.js.erb (3.9ms)
Completed 200 OK in 38ms (Views: 10.0ms | ActiveRecord: 0.0ms)


Started GET "/subcategories?category_id=27" for 127.0.0.1 at 2013-08-31 16:55:14 +1200
Processing by HomeController#subcategories as */*
  Parameters: {"category_id"=>"27"}
Completed 500 Internal Server Error in 43ms

RestClient::BadRequest (400 Bad Request):
  app/models/scraper.rb:13:in `generate'
  app/controllers/home_controller.rb:37:in `subcategories'


  Rendered /Users/juideshpande/.rvm/gems/ruby-2.0.0-p247/gems/actionpack-4.0.0/lib/action_dispatch/middleware/templates/rescues/_source.erb (0.7ms)
  Rendered /Users/juideshpande/.rvm/gems/ruby-2.0.0-p247/gems/actionpack-4.0.0/lib/action_dispatch/middleware/templates/rescues/_trace.erb (1.2ms)
  Rendered /Users/juideshpande/.rvm/gems/ruby-2.0.0-p247/gems/actionpack-4.0.0/lib/action_dispatch/middleware/templates/rescues/_request_and_response.erb (1.0ms)
  Rendered /Users/juideshpande/.rvm/gems/ruby-2.0.0-p247/gems/actionpack-4.0.0/lib/action_dispatch/middleware/templates/rescues/diagnostics.erb within rescues/layout (14.8ms)
